[debug] [2021-09-18T19:09:48.273Z] ----------------------------------------------------------------------
[debug] [2021-09-18T19:09:48.274Z] Command:       C:\Program Files\node.exe C:\Users\timsg\AppData\Roaming\npm\node_modules\firebase-tools\lib\bin\firebase.js emulators:start
[debug] [2021-09-18T19:09:48.274Z] CLI Version:   9.18.0
[debug] [2021-09-18T19:09:48.274Z] Platform:      win32
[debug] [2021-09-18T19:09:48.274Z] Node Version:  v14.17.6
[debug] [2021-09-18T19:09:48.275Z] Time:          Sat Sep 18 2021 12:09:48 GMT-0700 (Pacific Daylight Time)
[debug] [2021-09-18T19:09:48.275Z] ----------------------------------------------------------------------
[debug] 
[debug] [2021-09-18T19:09:48.341Z] > command requires scopes: ["email","openid","https://www.googleapis.com/auth/cloudplatformprojects.readonly","https://www.googleapis.com/auth/firebase","https://www.googleapis.com/auth/cloud-platform"]
[debug] [2021-09-18T19:09:48.341Z] > authorizing via signed-in user (timsg87@gmail.com)
[info] i  emulators: Starting emulators: functions, hosting {"metadata":{"emulator":{"name":"hub"},"message":"Starting emulators: functions, hosting"}}
[debug] [2021-09-18T19:09:48.361Z] [hub] writing locator at C:\Users\timsg\AppData\Local\Temp\hub-clone-52597.json
[warn] !  functions: The following emulators are not running, calls to these services from the Functions emulator will affect production: auth, firestore, database, pubsub, storage {"metadata":{"emulator":{"name":"functions"},"message":"The following emulators are not running, calls to these services from the Functions emulator will affect production: \u001b[1mauth, firestore, database, pubsub, storage\u001b[22m"}}
[info] +  functions: Using node@14 from host. {"metadata":{"emulator":{"name":"functions"},"message":"Using node@14 from host."}}
[debug] [2021-09-18T19:09:48.405Z] defaultcredentials: writing to file C:\Users\timsg\AppData\Roaming\firebase\timsg87_gmail_com_application_default_credentials.json
[debug] [2021-09-18T19:09:48.407Z] Setting GAC to C:\Users\timsg\AppData\Roaming\firebase\timsg87_gmail_com_application_default_credentials.json {"metadata":{"emulator":{"name":"functions"},"message":"Setting GAC to C:\\Users\\timsg\\AppData\\Roaming\\firebase\\timsg87_gmail_com_application_default_credentials.json"}}
[debug] [2021-09-18T19:09:48.408Z] > refreshing access token with scopes: []
[debug] [2021-09-18T19:09:48.409Z] >>> HTTP REQUEST POST https://www.googleapis.com/oauth2/v3/token  
 <request body omitted>
[debug] [2021-09-18T19:09:48.518Z] <<< HTTP RESPONSE 200 {"cache-control":"no-cache, no-store, max-age=0, must-revalidate","pragma":"no-cache","expires":"Mon, 01 Jan 1990 00:00:00 GMT","date":"Sat, 18 Sep 2021 19:09:47 GMT","content-type":"application/json; charset=utf-8","vary":"X-Origin, Referer, Origin,Accept-Encoding","server":"scaffolding on HTTPServer2","x-xss-protection":"0","x-frame-options":"SAMEORIGIN","x-content-type-options":"nosniff","alt-svc":"h3=\":443\"; ma=2592000,h3-29=\":443\"; ma=2592000,h3-T051=\":443\"; ma=2592000,h3-Q050=\":443\"; ma=2592000,h3-Q046=\":443\"; ma=2592000,h3-Q043=\":443\"; ma=2592000,quic=\":443\"; ma=2592000; v=\"46,43\"","accept-ranges":"none","transfer-encoding":"chunked"}
[debug] [2021-09-18T19:09:48.535Z] >>> [apiv2][query] GET https://firebase.googleapis.com/v1beta1/projects/clone-52597/adminSdkConfig [none]
[debug] [2021-09-18T19:09:48.768Z] <<< [apiv2][status] GET https://firebase.googleapis.com/v1beta1/projects/clone-52597/adminSdkConfig 200
[debug] [2021-09-18T19:09:48.768Z] <<< [apiv2][body] GET https://firebase.googleapis.com/v1beta1/projects/clone-52597/adminSdkConfig {"projectId":"clone-52597","storageBucket":"clone-52597.appspot.com"}
[debug] [2021-09-18T19:09:48.777Z] >>> [apiv2][query] GET https://firebasehosting.googleapis.com/v1beta1/projects/clone-52597/sites 
[debug] [2021-09-18T19:09:49.187Z] <<< [apiv2][status] GET https://firebasehosting.googleapis.com/v1beta1/projects/clone-52597/sites 200
[debug] [2021-09-18T19:09:49.187Z] <<< [apiv2][body] GET https://firebasehosting.googleapis.com/v1beta1/projects/clone-52597/sites {"sites":[{"name":"projects/1022007045615/sites/clone-52597","defaultUrl":"https://clone-52597.web.app","appId":"1:1022007045615:web:3e04e37056638b3ba65a1a","type":"DEFAULT_SITE"}]}
[debug] [2021-09-18T19:09:49.187Z] >>> [apiv2][query] GET https://firebase.googleapis.com/v1beta1/projects/clone-52597/webApps/1:1022007045615:web:3e04e37056638b3ba65a1a/config [none]
[debug] [2021-09-18T19:09:49.620Z] <<< [apiv2][status] GET https://firebase.googleapis.com/v1beta1/projects/clone-52597/webApps/1:1022007045615:web:3e04e37056638b3ba65a1a/config 200
[debug] [2021-09-18T19:09:49.620Z] <<< [apiv2][body] GET https://firebase.googleapis.com/v1beta1/projects/clone-52597/webApps/1:1022007045615:web:3e04e37056638b3ba65a1a/config {"projectId":"clone-52597","appId":"1:1022007045615:web:3e04e37056638b3ba65a1a","storageBucket":"clone-52597.appspot.com","apiKey":"AIzaSyC9T_hSoP-pRDV0LCEF-nxsqJg5v8DmMPU","authDomain":"clone-52597.firebaseapp.com","messagingSenderId":"1022007045615","measurementId":"G-F1BNKGTHM4"}
[info] i  hosting: Serving hosting files from: build {"metadata":{"emulator":{"name":"hosting"},"message":"Serving hosting files from: \u001b[1mbuild\u001b[22m"}}
[info] +  hosting: Local server: http://localhost:5000 {"metadata":{"emulator":{"name":"hosting"},"message":"Local server: \u001b[4m\u001b[1mhttp://localhost:5000\u001b[22m\u001b[24m"}}
[warn] !  ui: Emulator UI unable to start on port 4000, starting on 4001 instead. {"metadata":{"emulator":{"name":"ui"},"message":"Emulator UI unable to start on port 4000, starting on 4001 instead."}}
[debug] [2021-09-18T19:09:49.715Z] Ignoring unsupported arg: auto_download {"metadata":{"emulator":{"name":"ui"},"message":"Ignoring unsupported arg: auto_download"}}
[debug] [2021-09-18T19:09:49.715Z] Ignoring unsupported arg: port {"metadata":{"emulator":{"name":"ui"},"message":"Ignoring unsupported arg: port"}}
[debug] [2021-09-18T19:09:49.715Z] Starting Emulator UI with command {"binary":"node","args":["C:\\Users\\timsg\\.cache\\firebase\\emulators\\ui-v1.6.3\\server.bundle.js"],"optionalArgs":[],"joinArgs":false} {"metadata":{"emulator":{"name":"ui"},"message":"Starting Emulator UI with command {\"binary\":\"node\",\"args\":[\"C:\\\\Users\\\\timsg\\\\.cache\\\\firebase\\\\emulators\\\\ui-v1.6.3\\\\server.bundle.js\"],\"optionalArgs\":[],\"joinArgs\":false}"}}
[info] i  ui: Emulator UI logging to ui-debug.log {"metadata":{"emulator":{"name":"ui"},"message":"Emulator UI logging to \u001b[1mui-debug.log\u001b[22m"}}
[debug] [2021-09-18T19:09:49.890Z] Web / API server started at localhost:4001
 {"metadata":{"emulator":{"name":"ui"},"message":"Web / API server started at localhost:4001\n"}}
[info] i  functions: Watching "S:\CloneProject\amazon-clone\functions" for Cloud Functions... {"metadata":{"emulator":{"name":"functions"},"message":"Watching \"S:\\CloneProject\\amazon-clone\\functions\" for Cloud Functions..."}}
[debug] [2021-09-18T19:09:49.993Z] [worker-pool] addWorker(~diagnostic~) {"metadata":{"emulator":{"name":"functions"},"message":"[worker-pool] addWorker(~diagnostic~)"}}
[debug] [2021-09-18T19:09:49.993Z] [worker-pool] Adding worker with key ~diagnostic~, total=1 {"metadata":{"emulator":{"name":"functions"},"message":"[worker-pool] Adding worker with key ~diagnostic~, total=1"}}
[debug] [2021-09-18T19:09:49.993Z] [worker-pool] submitWork(triggerId=) {"metadata":{"emulator":{"name":"functions"},"message":"[worker-pool] submitWork(triggerId=)"}}
[debug] [2021-09-18T19:09:49.993Z] [worker-~diagnostic~-fc8ae2a3-faa8-40ff-bac3-9d7ef8151b24]: Assigning socketPath: \\?\pipe\S:\CloneProject\amazon-clone\functions\12496 {"metadata":{"emulator":{"name":"functions"},"message":"[worker-~diagnostic~-fc8ae2a3-faa8-40ff-bac3-9d7ef8151b24]: Assigning socketPath: \\\\?\\pipe\\S:\\CloneProject\\amazon-clone\\functions\\12496"}}
[debug] [2021-09-18T19:09:49.994Z] [worker-~diagnostic~-fc8ae2a3-faa8-40ff-bac3-9d7ef8151b24]: BUSY {"metadata":{"emulator":{"name":"functions"},"message":"[worker-~diagnostic~-fc8ae2a3-faa8-40ff-bac3-9d7ef8151b24]: BUSY"}}
[debug] [2021-09-18T19:09:50.371Z] [runtime-status] [12496] Functions runtime initialized. {"cwd":"S:\\CloneProject\\amazon-clone\\functions","node_version":"14.17.6"} {"metadata":{"emulator":{"name":"functions"},"message":"[runtime-status] [12496] Functions runtime initialized. {\"cwd\":\"S:\\\\CloneProject\\\\amazon-clone\\\\functions\",\"node_version\":\"14.17.6\"}"}}
[debug] [2021-09-18T19:09:50.373Z] [runtime-status] [12496] Disabled runtime features: undefined {"metadata":{"emulator":{"name":"functions"},"message":"[runtime-status] [12496] Disabled runtime features: undefined"}}
[debug] [2021-09-18T19:09:50.380Z] [runtime-status] [12496] Resolved module firebase-admin {"declared":true,"installed":true,"version":"9.11.1","resolution":"S:\\CloneProject\\amazon-clone\\functions\\node_modules\\firebase-admin\\lib\\index.js"} {"metadata":{"emulator":{"name":"functions"},"message":"[runtime-status] [12496] Resolved module firebase-admin {\"declared\":true,\"installed\":true,\"version\":\"9.11.1\",\"resolution\":\"S:\\\\CloneProject\\\\amazon-clone\\\\functions\\\\node_modules\\\\firebase-admin\\\\lib\\\\index.js\"}"}}
[debug] [2021-09-18T19:09:50.387Z] [runtime-status] [12496] Resolved module firebase-functions {"declared":true,"installed":true,"version":"3.15.6","resolution":"S:\\CloneProject\\amazon-clone\\functions\\node_modules\\firebase-functions\\lib\\index.js"} {"metadata":{"emulator":{"name":"functions"},"message":"[runtime-status] [12496] Resolved module firebase-functions {\"declared\":true,\"installed\":true,\"version\":\"3.15.6\",\"resolution\":\"S:\\\\CloneProject\\\\amazon-clone\\\\functions\\\\node_modules\\\\firebase-functions\\\\lib\\\\index.js\"}"}}
[debug] [2021-09-18T19:09:50.389Z] [runtime-status] [12496] Resolved module firebase-functions {"declared":true,"installed":true,"version":"3.15.6","resolution":"S:\\CloneProject\\amazon-clone\\functions\\node_modules\\firebase-functions\\lib\\index.js"} {"metadata":{"emulator":{"name":"functions"},"message":"[runtime-status] [12496] Resolved module firebase-functions {\"declared\":true,\"installed\":true,\"version\":\"3.15.6\",\"resolution\":\"S:\\\\CloneProject\\\\amazon-clone\\\\functions\\\\node_modules\\\\firebase-functions\\\\lib\\\\index.js\"}"}}
[debug] [2021-09-18T19:09:50.391Z] [runtime-status] [12496] Outgoing network have been stubbed. [{"name":"http","status":"mocked"},{"name":"http","status":"mocked"},{"name":"https","status":"mocked"},{"name":"https","status":"mocked"},{"name":"net","status":"mocked"}] {"metadata":{"emulator":{"name":"functions"},"message":"[runtime-status] [12496] Outgoing network have been stubbed. [{\"name\":\"http\",\"status\":\"mocked\"},{\"name\":\"http\",\"status\":\"mocked\"},{\"name\":\"https\",\"status\":\"mocked\"},{\"name\":\"https\",\"status\":\"mocked\"},{\"name\":\"net\",\"status\":\"mocked\"}]"}}
[debug] [2021-09-18T19:09:50.391Z] [runtime-status] [12496] Resolved module firebase-functions {"declared":true,"installed":true,"version":"3.15.6","resolution":"S:\\CloneProject\\amazon-clone\\functions\\node_modules\\firebase-functions\\lib\\index.js"} {"metadata":{"emulator":{"name":"functions"},"message":"[runtime-status] [12496] Resolved module firebase-functions {\"declared\":true,\"installed\":true,\"version\":\"3.15.6\",\"resolution\":\"S:\\\\CloneProject\\\\amazon-clone\\\\functions\\\\node_modules\\\\firebase-functions\\\\lib\\\\index.js\"}"}}
[debug] [2021-09-18T19:09:50.716Z] [runtime-status] [12496] Checked functions.config() {"config":{}} {"metadata":{"emulator":{"name":"functions"},"message":"[runtime-status] [12496] Checked functions.config() {\"config\":{}}"}}
[debug] [2021-09-18T19:09:50.716Z] [runtime-status] [12496] firebase-functions has been stubbed. {"functionsResolution":{"declared":true,"installed":true,"version":"3.15.6","resolution":"S:\\CloneProject\\amazon-clone\\functions\\node_modules\\firebase-functions\\lib\\index.js"}} {"metadata":{"emulator":{"name":"functions"},"message":"[runtime-status] [12496] firebase-functions has been stubbed. {\"functionsResolution\":{\"declared\":true,\"installed\":true,\"version\":\"3.15.6\",\"resolution\":\"S:\\\\CloneProject\\\\amazon-clone\\\\functions\\\\node_modules\\\\firebase-functions\\\\lib\\\\index.js\"}}"}}
[debug] [2021-09-18T19:09:50.716Z] [runtime-status] [12496] Resolved module firebase-functions {"declared":true,"installed":true,"version":"3.15.6","resolution":"S:\\CloneProject\\amazon-clone\\functions\\node_modules\\firebase-functions\\lib\\index.js"} {"metadata":{"emulator":{"name":"functions"},"message":"[runtime-status] [12496] Resolved module firebase-functions {\"declared\":true,\"installed\":true,\"version\":\"3.15.6\",\"resolution\":\"S:\\\\CloneProject\\\\amazon-clone\\\\functions\\\\node_modules\\\\firebase-functions\\\\lib\\\\index.js\"}"}}
[debug] [2021-09-18T19:09:50.717Z] [runtime-status] [12496] Resolved module firebase-admin {"declared":true,"installed":true,"version":"9.11.1","resolution":"S:\\CloneProject\\amazon-clone\\functions\\node_modules\\firebase-admin\\lib\\index.js"} {"metadata":{"emulator":{"name":"functions"},"message":"[runtime-status] [12496] Resolved module firebase-admin {\"declared\":true,\"installed\":true,\"version\":\"9.11.1\",\"resolution\":\"S:\\\\CloneProject\\\\amazon-clone\\\\functions\\\\node_modules\\\\firebase-admin\\\\lib\\\\index.js\"}"}}
[debug] [2021-09-18T19:09:50.718Z] [runtime-status] [12496] Resolved module firebase-functions {"declared":true,"installed":true,"version":"3.15.6","resolution":"S:\\CloneProject\\amazon-clone\\functions\\node_modules\\firebase-functions\\lib\\index.js"} {"metadata":{"emulator":{"name":"functions"},"message":"[runtime-status] [12496] Resolved module firebase-functions {\"declared\":true,\"installed\":true,\"version\":\"3.15.6\",\"resolution\":\"S:\\\\CloneProject\\\\amazon-clone\\\\functions\\\\node_modules\\\\firebase-functions\\\\lib\\\\index.js\"}"}}
[debug] [2021-09-18T19:09:50.718Z] [runtime-status] [12496] firebase-admin has been stubbed. {"adminResolution":{"declared":true,"installed":true,"version":"9.11.1","resolution":"S:\\CloneProject\\amazon-clone\\functions\\node_modules\\firebase-admin\\lib\\index.js"}} {"metadata":{"emulator":{"name":"functions"},"message":"[runtime-status] [12496] firebase-admin has been stubbed. {\"adminResolution\":{\"declared\":true,\"installed\":true,\"version\":\"9.11.1\",\"resolution\":\"S:\\\\CloneProject\\\\amazon-clone\\\\functions\\\\node_modules\\\\firebase-admin\\\\lib\\\\index.js\"}}"}}
